#
# There is insufficient memory for the Java Runtime Environment to continue.
# Native memory allocation (mmap) failed to map 22020096 bytes for G1 virtual space
# Possible reasons:
#   The system is out of physical RAM or swap space
#   The process is running with CompressedOops enabled, and the Java Heap may be blocking the growth of the native heap
# Possible solutions:
#   Reduce memory load on the system
#   Increase physical memory or swap space
#   Check if swap backing store is full
#   Decrease Java heap size (-Xmx/-Xms)
#   Decrease number of Java threads
#   Decrease Java thread stack sizes (-Xss)
#   Set larger code cache with -XX:ReservedCodeCacheSize=
#   JVM is running with Unscaled Compressed Oops mode in which the Java heap is
#     placed in the first 4GB address space. The Java Heap base address is the
#     maximum limit for the native heap growth. Please use -XX:HeapBaseMinAddress
#     to set the Java Heap base and to place the Java Heap above 4GB virtual address.
# This output file may be truncated or incomplete.
#
#  Out of Memory Error (os_windows.cpp:3536), pid=3144, tid=1264
#
# JRE version: OpenJDK Runtime Environment (19.0.2+7) (build 19.0.2+7-44)
# Java VM: OpenJDK 64-Bit Server VM (19.0.2+7-44, mixed mode, emulated-client, sharing, tiered, compressed oops, compressed class ptrs, g1 gc, windows-amd64)
# No core dump will be written. Minidumps are not enabled by default on client versions of Windows
#

---------------  S U M M A R Y ------------

Command Line: -XX:TieredStopAtLevel=1 com.renaldinurmazid.userrestapi.UserRestApiApplication

Host: AMD A8-7410 APU with AMD Radeon R5 Graphics    , 4 cores, 6G,  Windows 10 , 64 bit Build 19041 (10.0.19041.2788)
Time: Thu May 11 12:32:03 2023 SE Asia Standard Time elapsed time: 564.886582 seconds (0d 0h 9m 24s)

---------------  T H R E A D  ---------------

Current thread (0x000002c57f207320):  VMThread "VM Thread" [stack: 0x000000c93f500000,0x000000c93f600000] [id=1264]

Stack: [0x000000c93f500000,0x000000c93f600000]
Native frames: (J=compiled Java code, j=interpreted, Vv=VM code, C=native code)
V  [jvm.dll+0x6ee21a]
V  [jvm.dll+0x85765e]
V  [jvm.dll+0x85904e]
V  [jvm.dll+0x859703]
V  [jvm.dll+0x28298f]
V  [jvm.dll+0x6eb009]
V  [jvm.dll+0x6dfbaa]
V  [jvm.dll+0x3573f6]
V  [jvm.dll+0x35ee56]
V  [jvm.dll+0x3b541e]
V  [jvm.dll+0x3b564f]
V  [jvm.dll+0x32c9ea]
V  [jvm.dll+0x32ca97]
V  [jvm.dll+0x374cd2]
V  [jvm.dll+0x37340f]
V  [jvm.dll+0x32c210]
V  [jvm.dll+0x3729ab]
V  [jvm.dll+0x85ebc3]
V  [jvm.dll+0x85f989]
V  [jvm.dll+0x85febd]
V  [jvm.dll+0x86034b]
V  [jvm.dll+0x860407]
V  [jvm.dll+0x80125a]
V  [jvm.dll+0x6ecf0b]
C  [ucrtbase.dll+0x21bb2]
C  [KERNEL32.DLL+0x17604]
C  [ntdll.dll+0x526a1]

VM_Operation (0x000000c9407fcf90): G1CollectForAllocation, mode: safepoint, requested by thread 0x000002c5120d8070


---------------  P R O C E S S  ---------------

Threads class SMR info:
_java_thread_list=0x000002c510b8ac90, length=16, elements={
0x000002c57f21c4a0, 0x000002c57f21e2a0, 0x000002c57f21f090, 0x000002c57f222090,
0x000002c57f2239d0, 0x000002c57f224300, 0x000002c57f224c30, 0x000002c57f2583d0,
0x000002c50fca24d0, 0x000002c50fca7470, 0x000002c510538f00, 0x000002c510ea5590,
0x000002c5120dc580, 0x000002c5120ddac0, 0x000002c5120d75d0, 0x000002c5120d8070
}

Java Threads: ( => current thread )
  0x000002c57f21c4a0 JavaThread "Reference Handler" daemon [_thread_blocked, id=19692, stack(0x000000c93f600000,0x000000c93f700000)]
  0x000002c57f21e2a0 JavaThread "Finalizer" daemon [_thread_blocked, id=2380, stack(0x000000c93f700000,0x000000c93f800000)]
  0x000002c57f21f090 JavaThread "Signal Dispatcher" daemon [_thread_blocked, id=12020, stack(0x000000c93f800000,0x000000c93f900000)]
  0x000002c57f222090 JavaThread "Attach Listener" daemon [_thread_blocked, id=14332, stack(0x000000c93f900000,0x000000c93fa00000)]
  0x000002c57f2239d0 JavaThread "Service Thread" daemon [_thread_blocked, id=14076, stack(0x000000c93fa00000,0x000000c93fb00000)]
  0x000002c57f224300 JavaThread "Monitor Deflation Thread" daemon [_thread_blocked, id=18692, stack(0x000000c93fb00000,0x000000c93fc00000)]
  0x000002c57f224c30 JavaThread "C1 CompilerThread0" daemon [_thread_blocked, id=4656, stack(0x000000c93fc00000,0x000000c93fd00000)]
  0x000002c57f2583d0 JavaThread "Sweeper thread" daemon [_thread_blocked, id=10812, stack(0x000000c93fd00000,0x000000c93fe00000)]
  0x000002c50fca24d0 JavaThread "Notification Thread" daemon [_thread_blocked, id=14584, stack(0x000000c93fe00000,0x000000c93ff00000)]
  0x000002c50fca7470 JavaThread "Common-Cleaner" daemon [_thread_blocked, id=1380, stack(0x000000c940000000,0x000000c940100000)]
  0x000002c510538f00 JavaThread "mysql-cj-abandoned-connection-cleanup" daemon [_thread_blocked, id=10540, stack(0x000000c940b00000,0x000000c940c00000)]
  0x000002c510ea5590 JavaThread "Live Reload Server" daemon [_thread_in_native, id=2956, stack(0x000000c940f00000,0x000000c941000000)]
  0x000002c5120dc580 JavaThread "DestroyJavaVM" [_thread_blocked, id=14684, stack(0x000000c93ef00000,0x000000c93f000000)]
  0x000002c5120ddac0 JavaThread "File Watcher" daemon [_thread_blocked, id=2680, stack(0x000000c93ee00000,0x000000c93ef00000)]
  0x000002c5120d75d0 JavaThread "Thread-7" [_thread_blocked, id=20356, stack(0x000000c93ed00000,0x000000c93ee00000)]
  0x000002c5120d8070 JavaThread "restartedMain" [_thread_blocked, id=19668, stack(0x000000c940700000,0x000000c940800000)]

Other Threads:
=>0x000002c57f207320 VMThread "VM Thread" [stack: 0x000000c93f500000,0x000000c93f600000] [id=1264]
  0x000002c50fca2a10 WatcherThread "VM Periodic Task Thread" [stack: 0x000000c93ff00000,0x000000c940000000] [id=18716]
  0x000002c5797e2820 WorkerThread "GC Thread#0" [stack: 0x000000c93f000000,0x000000c93f100000] [id=17844]
  0x000002c51032a730 WorkerThread "GC Thread#1" [stack: 0x000000c940200000,0x000000c940300000] [id=16600]
  0x000002c510351ab0 WorkerThread "GC Thread#2" [stack: 0x000000c940300000,0x000000c940400000] [id=8504]
  0x000002c510351d80 WorkerThread "GC Thread#3" [stack: 0x000000c940400000,0x000000c940500000] [id=10524]
  0x000002c5797f13d0 ConcurrentGCThread "G1 Main Marker" [stack: 0x000000c93f100000,0x000000c93f200000] [id=6940]
  0x000002c5797f1eb0 WorkerThread "G1 Conc#0" [stack: 0x000000c93f200000,0x000000c93f300000] [id=19836]
  0x000002c57984d560 ConcurrentGCThread "G1 Refine#0" [stack: 0x000000c93f300000,0x000000c93f400000] [id=19868]
  0x000002c57984dfb0 ConcurrentGCThread "G1 Service" [stack: 0x000000c93f400000,0x000000c93f500000] [id=3332]

Threads with active compile tasks:

VM state: at safepoint (normal execution)

VM Mutex/Monitor currently owned by a thread:  ([mutex/lock_event])
[0x000002c579784b50] Threads_lock - owner thread: 0x000002c57f207320
[0x000002c5797846d0] Heap_lock - owner thread: 0x000002c5120d8070

Heap address: 0x0000000091600000, size: 1770 MB, Compressed Oops mode: 32-bit

CDS archive(s) mapped at: [0x0000000800000000-0x0000000800c40000-0x0000000800c40000), size 12845056, SharedBaseAddress: 0x0000000800000000, ArchiveRelocationMode: 0.
Compressed class space mapped at: 0x0000000801000000-0x0000000841000000, reserved size: 1073741824
Narrow klass base: 0x0000000800000000, Narrow klass shift: 0, Narrow klass range: 0x100000000

GC Precious Log:
 CardTable entry size: 512
 Card Set container configuration: InlinePtr #cards 5 size 8 Array Of Cards #cards 12 size 40 Howl #buckets 4 coarsen threshold 1843 Howl Bitmap #cards 512 size 80 coarsen threshold 460 Card regions per heap region 1 cards per card region 2048
 CPUs: 4 total, 4 available
 Memory: 7074M
 Large Page Support: Disabled
 NUMA Support: Disabled
 Compressed Oops: Enabled (32-bit)
 Heap Region Size: 1M
 Heap Min Capacity: 8M
 Heap Initial Capacity: 112M
 Heap Max Capacity: 1770M
 Pre-touch: Disabled
 Parallel Workers: 4
 Concurrent Workers: 1
 Concurrent Refinement Workers: 4
 Periodic GC: Disabled

Heap:
 garbage-first heap   total 114688K, used 22128K [0x0000000091600000, 0x0000000100000000)
  region size 1024K, 2 young (2048K), 2 survivors (2048K)
 Metaspace       used 60024K, committed 60864K, reserved 1114112K
  class space    used 8243K, committed 8576K, reserved 1048576K

Heap Regions: E=young(eden), S=young(survivor), O=old, HS=humongous(starts), HC=humongous(continues), CS=collection set, F=free, OA=open archive, CA=closed archive, TAMS=top-at-mark-start (previous, next)
|   0|0x0000000091600000, 0x0000000091700000, 0x0000000091700000|100%|HS|  |TAMS 0x0000000091700000, 0x0000000091600000| Untracked 
|   1|0x0000000091700000, 0x0000000091800000, 0x0000000091800000|100%| O|  |TAMS 0x0000000091800000, 0x0000000091700000| Untracked 
|   2|0x0000000091800000, 0x0000000091900000, 0x0000000091900000|100%| O|  |TAMS 0x0000000091900000, 0x0000000091800000| Untracked 
|   3|0x0000000091900000, 0x00000000919ffff0, 0x0000000091a00000| 99%| O|  |TAMS 0x00000000919ffff0, 0x0000000091900000| Untracked 
|   4|0x0000000091a00000, 0x0000000091affff8, 0x0000000091b00000| 99%| O|  |TAMS 0x0000000091affff8, 0x0000000091a00000| Untracked 
|   5|0x0000000091b00000, 0x0000000091bffff8, 0x0000000091c00000| 99%| O|  |TAMS 0x0000000091b00000, 0x0000000091b00000| Untracked 
|   6|0x0000000091c00000, 0x0000000091cfffd8, 0x0000000091d00000| 99%| O|  |TAMS 0x0000000091c00000, 0x0000000091c00000| Untracked 
|   7|0x0000000091d00000, 0x0000000091e00000, 0x0000000091e00000|100%| O|  |TAMS 0x0000000091d00000, 0x0000000091d00000| Untracked 
|   8|0x0000000091e00000, 0x0000000091efffb8, 0x0000000091f00000| 99%| O|  |TAMS 0x0000000091e00000, 0x0000000091e00000| Untracked 
|   9|0x0000000091f00000, 0x0000000091ffffd8, 0x0000000092000000| 99%| O|  |TAMS 0x0000000091f00000, 0x0000000091f00000| Untracked 
|  10|0x0000000092000000, 0x00000000920ffff8, 0x0000000092100000| 99%| O|  |TAMS 0x0000000092000000, 0x0000000092000000| Untracked 
|  11|0x0000000092100000, 0x00000000921fffe0, 0x0000000092200000| 99%| O|  |TAMS 0x00000000921fffe0, 0x0000000092100000| Untracked 
|  12|0x0000000092200000, 0x00000000922ffff8, 0x0000000092300000| 99%| O|  |TAMS 0x00000000922ffff8, 0x0000000092200000| Untracked 
|  13|0x0000000092300000, 0x0000000092400000, 0x0000000092400000|100%| O|  |TAMS 0x0000000092300000, 0x0000000092300000| Untracked 
|  14|0x0000000092400000, 0x00000000924f9d60, 0x0000000092500000| 97%| O|  |TAMS 0x00000000924f9d60, 0x0000000092400000| Untracked 
|  15|0x0000000092500000, 0x0000000092600000, 0x0000000092600000|100%| O|  |TAMS 0x0000000092500000, 0x0000000092500000| Untracked 
|  16|0x0000000092600000, 0x00000000926ffff0, 0x0000000092700000| 99%| O|  |TAMS 0x0000000092600000, 0x0000000092600000| Untracked 
|  17|0x0000000092700000, 0x00000000927ffff0, 0x0000000092800000| 99%| O|  |TAMS 0x0000000092700000, 0x0000000092700000| Untracked 
|  18|0x0000000092800000, 0x000000009285ddd0, 0x0000000092900000| 36%| O|  |TAMS 0x0000000092800000, 0x0000000092800000| Untracked 
|  19|0x0000000092900000, 0x00000000929fcf18, 0x0000000092a00000| 98%| O|  |TAMS 0x0000000092900000, 0x0000000092900000| Untracked 
|  20|0x0000000092a00000, 0x0000000092a6c7e0, 0x0000000092b00000| 42%| O|  |TAMS 0x0000000092a00000, 0x0000000092a00000| Untracked 
|  21|0x0000000092b00000, 0x0000000092b00000, 0x0000000092c00000|  0%| F|  |TAMS 0x0000000092b00000, 0x0000000092b00000| Untracked 
|  22|0x0000000092c00000, 0x0000000092c0afc8, 0x0000000092d00000|  4%| O|  |TAMS 0x0000000092c00000, 0x0000000092c00000| Untracked 
|  23|0x0000000092d00000, 0x0000000092d00000, 0x0000000092e00000|  0%| F|  |TAMS 0x0000000092d00000, 0x0000000092d00000| Untracked 
|  24|0x0000000092e00000, 0x0000000092e00000, 0x0000000092f00000|  0%| F|  |TAMS 0x0000000092e00000, 0x0000000092e00000| Untracked 
|  25|0x0000000092f00000, 0x0000000092f00000, 0x0000000093000000|  0%| F|  |TAMS 0x0000000092f00000, 0x0000000092f00000| Untracked 
|  26|0x0000000093000000, 0x0000000093000000, 0x0000000093100000|  0%| F|  |TAMS 0x0000000093000000, 0x0000000093000000| Untracked 
|  27|0x0000000093100000, 0x0000000093100000, 0x0000000093200000|  0%| F|  |TAMS 0x0000000093100000, 0x0000000093100000| Untracked 
|  28|0x0000000093200000, 0x0000000093200000, 0x0000000093300000|  0%| F|  |TAMS 0x0000000093200000, 0x0000000093200000| Untracked 
|  29|0x0000000093300000, 0x0000000093300000, 0x0000000093400000|  0%| F|  |TAMS 0x0000000093300000, 0x0000000093300000| Untracked 
|  30|0x0000000093400000, 0x0000000093400000, 0x0000000093500000|  0%| F|  |TAMS 0x0000000093400000, 0x0000000093400000| Untracked 
|  31|0x0000000093500000, 0x0000000093500000, 0x0000000093600000|  0%| F|  |TAMS 0x0000000093500000, 0x0000000093500000| Untracked 
|  32|0x0000000093600000, 0x00000000936d0020, 0x0000000093700000| 81%| S|CS|TAMS 0x0000000093600000, 0x0000000093600000| Complete 
|  33|0x0000000093700000, 0x0000000093800000, 0x0000000093800000|100%| S|CS|TAMS 0x0000000093700000, 0x0000000093700000| Complete 
|  34|0x0000000093800000, 0x0000000093800000, 0x0000000093900000|  0%| F|  |TAMS 0x0000000093800000, 0x0000000093800000| Untracked 
|  35|0x0000000093900000, 0x0000000093900000, 0x0000000093a00000|  0%| F|  |TAMS 0x0000000093900000, 0x0000000093900000| Untracked 
|  36|0x0000000093a00000, 0x0000000093a00000, 0x0000000093b00000|  0%| F|  |TAMS 0x0000000093a00000, 0x0000000093a00000| Untracked 
|  37|0x0000000093b00000, 0x0000000093b00000, 0x0000000093c00000|  0%| F|  |TAMS 0x0000000093b00000, 0x0000000093b00000| Untracked 
|  38|0x0000000093c00000, 0x0000000093c00000, 0x0000000093d00000|  0%| F|  |TAMS 0x0000000093c00000, 0x0000000093c00000| Untracked 
|  39|0x0000000093d00000, 0x0000000093d00000, 0x0000000093e00000|  0%| F|  |TAMS 0x0000000093d00000, 0x0000000093d00000| Untracked 
|  40|0x0000000093e00000, 0x0000000093e00000, 0x0000000093f00000|  0%| F|  |TAMS 0x0000000093e00000, 0x0000000093e00000| Untracked 
|  41|0x0000000093f00000, 0x0000000093f00000, 0x0000000094000000|  0%| F|  |TAMS 0x0000000093f00000, 0x0000000093f00000| Untracked 
|  42|0x0000000094000000, 0x0000000094000000, 0x0000000094100000|  0%| F|  |TAMS 0x0000000094000000, 0x0000000094000000| Untracked 
|  43|0x0000000094100000, 0x0000000094100000, 0x0000000094200000|  0%| F|  |TAMS 0x0000000094100000, 0x0000000094100000| Untracked 
|  44|0x0000000094200000, 0x0000000094200000, 0x0000000094300000|  0%| F|  |TAMS 0x0000000094200000, 0x0000000094200000| Untracked 
|  45|0x0000000094300000, 0x0000000094300000, 0x0000000094400000|  0%| F|  |TAMS 0x0000000094300000, 0x0000000094300000| Untracked 
|  46|0x0000000094400000, 0x0000000094400000, 0x0000000094500000|  0%| F|  |TAMS 0x0000000094400000, 0x0000000094400000| Untracked 
|  47|0x0000000094500000, 0x0000000094500000, 0x0000000094600000|  0%| F|  |TAMS 0x0000000094500000, 0x0000000094500000| Untracked 
|  48|0x0000000094600000, 0x0000000094600000, 0x0000000094700000|  0%| F|  |TAMS 0x0000000094600000, 0x0000000094600000| Untracked 
|  49|0x0000000094700000, 0x0000000094700000, 0x0000000094800000|  0%| F|  |TAMS 0x0000000094700000, 0x0000000094700000| Untracked 
|  50|0x0000000094800000, 0x0000000094800000, 0x0000000094900000|  0%| F|  |TAMS 0x0000000094800000, 0x0000000094800000| Untracked 
|  51|0x0000000094900000, 0x0000000094900000, 0x0000000094a00000|  0%| F|  |TAMS 0x0000000094900000, 0x0000000094900000| Untracked 
|  52|0x0000000094a00000, 0x0000000094a00000, 0x0000000094b00000|  0%| F|  |TAMS 0x0000000094a00000, 0x0000000094a00000| Untracked 
|  53|0x0000000094b00000, 0x0000000094b00000, 0x0000000094c00000|  0%| F|  |TAMS 0x0000000094b00000, 0x0000000094b00000| Untracked 
|  54|0x0000000094c00000, 0x0000000094c00000, 0x0000000094d00000|  0%| F|  |TAMS 0x0000000094c00000, 0x0000000094c00000| Untracked 
|  55|0x0000000094d00000, 0x0000000094d00000, 0x0000000094e00000|  0%| F|  |TAMS 0x0000000094d00000, 0x0000000094d00000| Untracked 
|  56|0x0000000094e00000, 0x0000000094e00000, 0x0000000094f00000|  0%| F|  |TAMS 0x0000000094e00000, 0x0000000094e00000| Untracked 
|  57|0x0000000094f00000, 0x0000000094f00000, 0x0000000095000000|  0%| F|  |TAMS 0x0000000094f00000, 0x0000000094f00000| Untracked 
|  58|0x0000000095000000, 0x0000000095000000, 0x0000000095100000|  0%| F|  |TAMS 0x0000000095000000, 0x0000000095000000| Untracked 
|  59|0x0000000095100000, 0x0000000095100000, 0x0000000095200000|  0%| F|  |TAMS 0x0000000095100000, 0x0000000095100000| Untracked 
|  60|0x0000000095200000, 0x0000000095200000, 0x0000000095300000|  0%| F|  |TAMS 0x0000000095200000, 0x0000000095200000| Untracked 
|  61|0x0000000095300000, 0x0000000095300000, 0x0000000095400000|  0%| F|  |TAMS 0x0000000095300000, 0x0000000095300000| Untracked 
|  62|0x0000000095400000, 0x0000000095400000, 0x0000000095500000|  0%| F|  |TAMS 0x0000000095400000, 0x0000000095400000| Untracked 
|  63|0x0000000095500000, 0x0000000095500000, 0x0000000095600000|  0%| F|  |TAMS 0x0000000095500000, 0x0000000095500000| Untracked 
|  64|0x0000000095600000, 0x0000000095600000, 0x0000000095700000|  0%| F|  |TAMS 0x0000000095600000, 0x0000000095600000| Untracked 
|  65|0x0000000095700000, 0x0000000095700000, 0x0000000095800000|  0%| F|  |TAMS 0x0000000095700000, 0x0000000095700000| Untracked 
|  66|0x0000000095800000, 0x0000000095800000, 0x0000000095900000|  0%| F|  |TAMS 0x0000000095800000, 0x0000000095800000| Untracked 
|  67|0x0000000095900000, 0x0000000095900000, 0x0000000095a00000|  0%| F|  |TAMS 0x0000000095900000, 0x0000000095900000| Untracked 
|  68|0x0000000095a00000, 0x0000000095a00000, 0x0000000095b00000|  0%| F|  |TAMS 0x0000000095a00000, 0x0000000095a00000| Untracked 
|  69|0x0000000095b00000, 0x0000000095b00000, 0x0000000095c00000|  0%| F|  |TAMS 0x0000000095b00000, 0x0000000095b00000| Untracked 
|  70|0x0000000095c00000, 0x0000000095c00000, 0x0000000095d00000|  0%| F|  |TAMS 0x0000000095c00000, 0x0000000095c00000| Untracked 
|  71|0x0000000095d00000, 0x0000000095d00000, 0x0000000095e00000|  0%| F|  |TAMS 0x0000000095d00000, 0x0000000095d00000| Untracked 
|  72|0x0000000095e00000, 0x0000000095e00000, 0x0000000095f00000|  0%| F|  |TAMS 0x0000000095e00000, 0x0000000095e00000| Untracked 
|  73|0x0000000095f00000, 0x0000000095f00000, 0x0000000096000000|  0%| F|  |TAMS 0x0000000095f00000, 0x0000000095f00000| Untracked 
|  74|0x0000000096000000, 0x0000000096000000, 0x0000000096100000|  0%| F|  |TAMS 0x0000000096000000, 0x0000000096000000| Untracked 
|  75|0x0000000096100000, 0x0000000096100000, 0x0000000096200000|  0%| F|  |TAMS 0x0000000096100000, 0x0000000096100000| Untracked 
|  76|0x0000000096200000, 0x0000000096200000, 0x0000000096300000|  0%| F|  |TAMS 0x0000000096200000, 0x0000000096200000| Untracked 
|  77|0x0000000096300000, 0x0000000096300000, 0x0000000096400000|  0%| F|  |TAMS 0x0000000096300000, 0x0000000096300000| Untracked 
|  78|0x0000000096400000, 0x0000000096400000, 0x0000000096500000|  0%| F|  |TAMS 0x0000000096400000, 0x0000000096400000| Untracked 
|  79|0x0000000096500000, 0x0000000096500000, 0x0000000096600000|  0%| F|  |TAMS 0x0000000096500000, 0x0000000096500000| Untracked 
|  80|0x0000000096600000, 0x0000000096600000, 0x0000000096700000|  0%| F|  |TAMS 0x0000000096600000, 0x0000000096600000| Untracked 
|  81|0x0000000096700000, 0x0000000096700000, 0x0000000096800000|  0%| F|  |TAMS 0x0000000096700000, 0x0000000096700000| Untracked 
|  82|0x0000000096800000, 0x0000000096800000, 0x0000000096900000|  0%| F|  |TAMS 0x0000000096800000, 0x0000000096800000| Untracked 
|  83|0x0000000096900000, 0x0000000096900000, 0x0000000096a00000|  0%| F|  |TAMS 0x0000000096900000, 0x0000000096900000| Untracked 
|  84|0x0000000096a00000, 0x0000000096a00000, 0x0000000096b00000|  0%| F|  |TAMS 0x0000000096a00000, 0x0000000096a00000| Untracked 
|  85|0x0000000096b00000, 0x0000000096b00000, 0x0000000096c00000|  0%| F|  |TAMS 0x0000000096b00000, 0x0000000096b00000| Untracked 
|  86|0x0000000096c00000, 0x0000000096c00000, 0x0000000096d00000|  0%| F|  |TAMS 0x0000000096c00000, 0x0000000096c00000| Untracked 
|  87|0x0000000096d00000, 0x0000000096d00000, 0x0000000096e00000|  0%| F|  |TAMS 0x0000000096d00000, 0x0000000096d00000| Untracked 
|  88|0x0000000096e00000, 0x0000000096e00000, 0x0000000096f00000|  0%| F|  |TAMS 0x0000000096e00000, 0x0000000096e00000| Untracked 
|  89|0x0000000096f00000, 0x0000000096f00000, 0x0000000097000000|  0%| F|  |TAMS 0x0000000096f00000, 0x0000000096f00000| Untracked 
|  90|0x0000000097000000, 0x0000000097000000, 0x0000000097100000|  0%| F|  |TAMS 0x0000000097000000, 0x0000000097000000| Untracked 
|  91|0x0000000097100000, 0x0000000097100000, 0x0000000097200000|  0%| F|  |TAMS 0x0000000097100000, 0x0000000097100000| Untracked 
|  92|0x0000000097200000, 0x0000000097200000, 0x0000000097300000|  0%| F|  |TAMS 0x0000000097200000, 0x0000000097200000| Untracked 
|  93|0x0000000097300000, 0x0000000097300000, 0x0000000097400000|  0%| F|  |TAMS 0x0000000097300000, 0x0000000097300000| Untracked 
|  94|0x0000000097400000, 0x0000000097400000, 0x0000000097500000|  0%| F|  |TAMS 0x0000000097400000, 0x0000000097400000| Untracked 
|  95|0x0000000097500000, 0x0000000097500000, 0x0000000097600000|  0%| F|  |TAMS 0x0000000097500000, 0x0000000097500000| Untracked 
|  96|0x0000000097600000, 0x0000000097600000, 0x0000000097700000|  0%| F|  |TAMS 0x0000000097600000, 0x0000000097600000| Untracked 
|  97|0x0000000097700000, 0x0000000097700000, 0x0000000097800000|  0%| F|  |TAMS 0x0000000097700000, 0x0000000097700000| Untracked 
|  98|0x0000000097800000, 0x0000000097800000, 0x0000000097900000|  0%| F|  |TAMS 0x0000000097800000, 0x0000000097800000| Untracked 
|  99|0x0000000097900000, 0x0000000097900000, 0x0000000097a00000|  0%| F|  |TAMS 0x0000000097900000, 0x0000000097900000| Untracked 
| 100|0x0000000097a00000, 0x0000000097a00000, 0x0000000097b00000|  0%| F|  |TAMS 0x0000000097a00000, 0x0000000097a00000| Untracked 
| 101|0x0000000097b00000, 0x0000000097b00000, 0x0000000097c00000|  0%| F|  |TAMS 0x0000000097b00000, 0x0000000097b00000| Untracked 
| 102|0x0000000097c00000, 0x0000000097c00000, 0x0000000097d00000|  0%| F|  |TAMS 0x0000000097c00000, 0x0000000097c00000| Untracked 
| 103|0x0000000097d00000, 0x0000000097d00000, 0x0000000097e00000|  0%| F|  |TAMS 0x0000000097d00000, 0x0000000097d00000| Untracked 
| 104|0x0000000097e00000, 0x0000000097e00000, 0x0000000097f00000|  0%| F|  |TAMS 0x0000000097e00000, 0x0000000097e00000| Untracked 
| 105|0x0000000097f00000, 0x0000000097f00000, 0x0000000098000000|  0%| F|  |TAMS 0x0000000097f00000, 0x0000000097f00000| Untracked 
| 106|0x0000000098000000, 0x0000000098000000, 0x0000000098100000|  0%| F|  |TAMS 0x0000000098000000, 0x0000000098000000| Untracked 
| 107|0x0000000098100000, 0x0000000098100000, 0x0000000098200000|  0%| F|  |TAMS 0x0000000098100000, 0x0000000098100000| Untracked 
| 108|0x0000000098200000, 0x0000000098200000, 0x0000000098300000|  0%| F|  |TAMS 0x0000000098200000, 0x0000000098200000| Untracked 
| 109|0x0000000098300000, 0x0000000098300000, 0x0000000098400000|  0%| F|  |TAMS 0x0000000098300000, 0x0000000098300000| Untracked 
| 110|0x0000000098400000, 0x0000000098400000, 0x0000000098500000|  0%| F|  |TAMS 0x0000000098400000, 0x0000000098400000| Untracked 
| 111|0x0000000098500000, 0x0000000098500000, 0x0000000098600000|  0%| F|  |TAMS 0x0000000098500000, 0x0000000098500000| Untracked 

Card table byte_map: [0x000002c57cbd0000,0x000002c57cf50000] _byte_map_base: 0x000002c57c745000

Marking Bits (Prev, Next): (CMBitMap*) 0x000002c5797e2da0, (CMBitMap*) 0x000002c5797e2d60
 Prev Bits: [0x000002c507e90000, 0x000002c509a38000)
 Next Bits: [0x000002c57d2d0000, 0x000002c57ee78000)

Polling page: 0x000002c578f50000

Metaspace:

Usage:
  Non-class:     50.57 MB used.
      Class:      8.05 MB used.
       Both:     58.62 MB used.

Virtual space:
  Non-class space:       64.00 MB reserved,      51.06 MB ( 80%) committed,  1 nodes.
      Class space:        1.00 GB reserved,       8.38 MB ( <1%) committed,  1 nodes.
             Both:        1.06 GB reserved,      59.44 MB (  5%) committed. 

Chunk freelists:
   Non-Class:  858.00 KB
       Class:  3.64 MB
        Both:  4.47 MB

MaxMetaspaceSize: unlimited
CompressedClassSpaceSize: 1.00 GB
Initial GC threshold: 21.00 MB
Current GC threshold: 98.88 MB
CDS: on
MetaspaceReclaimPolicy: balanced
 - commit_granule_bytes: 65536.
 - commit_granule_words: 8192.
 - virtual_space_node_default_size: 8388608.
 - enlarge_chunks_in_place: 1.
 - new_chunks_are_fully_committed: 0.
 - uncommit_free_chunks: 1.
 - use_allocation_guard: 0.


Internal statistics:

num_allocs_failed_limit: 6.
num_arena_births: 1228.
num_arena_deaths: 602.
num_vsnodes_births: 2.
num_vsnodes_deaths: 0.
num_space_committed: 951.
num_space_uncommitted: 0.
num_chunks_returned_to_freelist: 611.
num_chunks_taken_from_freelist: 3384.
num_chunk_merges: 138.
num_chunk_splits: 2366.
num_chunks_enlarged: 1950.
num_inconsistent_stats: 0.

CodeCache: size=49152Kb used=11568Kb max_used=12347Kb free=37583Kb
 bounds [0x000002c579850000, 0x000002c57a460000, 0x000002c57c850000]
 total_blobs=6980 nmethods=6302 adapters=604
 compilation: enabled
              stopped_count=0, restarted_count=0
 full_count=0

Compilation events (20 events):
Event: 564.283 Thread 0x000002c57f224c30 6298       1       org.springframework.context.annotation.DeferredImportSelector$Group$Entry::getImportClassName (5 bytes)
Event: 564.283 Thread 0x000002c57f224c30 nmethod 6298 0x000002c57a3c1f90 code [0x000002c57a3c2120, 0x000002c57a3c21d8]
Event: 564.374 Thread 0x000002c57f224c30 6299       1       org.springframework.context.annotation.ConfigurationClassParser$SourceClass::equals (47 bytes)
Event: 564.375 Thread 0x000002c57f224c30 nmethod 6299 0x000002c57a3c1a90 code [0x000002c57a3c1c60, 0x000002c57a3c1e68]
Event: 564.723 Thread 0x000002c57f224c30 6300       1       org.springframework.context.annotation.ConfigurationClass::validate (240 bytes)
Event: 564.725 Thread 0x000002c57f224c30 nmethod 6300 0x000002c57a3c0590 code [0x000002c57a3c08a0, 0x000002c57a3c1308]
Event: 564.746 Thread 0x000002c57f224c30 6302       1       org.springframework.boot.autoconfigure.condition.OnBeanCondition$Spec::hasAtLeastOneElement (40 bytes)
Event: 564.746 Thread 0x000002c57f224c30 nmethod 6302 0x000002c57a3c0190 code [0x000002c57a3c0340, 0x000002c57a3c04a8]
Event: 564.746 Thread 0x000002c57f224c30 6301       1       org.springframework.boot.autoconfigure.condition.OnBeanCondition$Spec::validate (71 bytes)
Event: 564.748 Thread 0x000002c57f224c30 nmethod 6301 0x000002c57a3bf510 code [0x000002c57a3bf740, 0x000002c57a3bfe88]
Event: 564.772 Thread 0x000002c57f224c30 6303       1       org.springframework.util.MultiValueMapAdapter::containsKey (11 bytes)
Event: 564.773 Thread 0x000002c57f224c30 nmethod 6303 0x000002c57a3bf210 code [0x000002c57a3bf3c0, 0x000002c57a3bf4a8]
Event: 564.777 Thread 0x000002c57f224c30 6304       1       org.springframework.boot.autoconfigure.condition.OnBeanCondition::getMatchOutcome (422 bytes)
Event: 564.799 Thread 0x000002c57f224c30 nmethod 6304 0x000002c57a3b5d90 code [0x000002c57a3b6ac0, 0x000002c57a3bbff8]
Event: 564.799 Thread 0x000002c57f224c30 6306       1       org.springframework.boot.autoconfigure.condition.ConditionMessage$ItemsBuilder::atAll (8 bytes)
Event: 564.800 Thread 0x000002c57f224c30 nmethod 6306 0x000002c57a3b5a10 code [0x000002c57a3b5bc0, 0x000002c57a3b5ca8]
Event: 564.800 Thread 0x000002c57f224c30 6307       1       org.springframework.boot.autoconfigure.condition.ConditionMessage$ItemsBuilder::items (9 bytes)
Event: 564.800 Thread 0x000002c57f224c30 nmethod 6307 0x000002c57a3b5710 code [0x000002c57a3b58c0, 0x000002c57a3b59a8]
Event: 564.800 Thread 0x000002c57f224c30 6305       1       org.springframework.core.annotation.MergedAnnotationsCollection::isPresent (7 bytes)
Event: 564.800 Thread 0x000002c57f224c30 nmethod 6305 0x000002c57a3b5410 code [0x000002c57a3b55a0, 0x000002c57a3b5688]

GC Heap History (20 events):
Event: 92.992 GC heap after
{Heap after GC invocations=16 (full 0):
 garbage-first heap   total 51200K, used 26719K [0x0000000091600000, 0x0000000100000000)
  region size 1024K, 2 young (2048K), 2 survivors (2048K)
 Metaspace       used 59462K, committed 60160K, reserved 1114112K
  class space    used 8144K, committed 8448K, reserved 1048576K
}
Event: 193.628 GC heap before
{Heap before GC invocations=17 (full 0):
 garbage-first heap   total 51200K, used 30815K [0x0000000091600000, 0x0000000100000000)
  region size 1024K, 7 young (7168K), 2 survivors (2048K)
 Metaspace       used 59716K, committed 60224K, reserved 1114112K
  class space    used 8194K, committed 8448K, reserved 1048576K
}
Event: 193.732 GC heap after
{Heap after GC invocations=18 (full 1):
 garbage-first heap   total 51200K, used 19403K [0x0000000091600000, 0x0000000100000000)
  region size 1024K, 0 young (0K), 0 survivors (0K)
 Metaspace       used 59639K, committed 60224K, reserved 1114112K
  class space    used 8175K, committed 8448K, reserved 1048576K
}
Event: 197.344 GC heap before
{Heap before GC invocations=18 (full 1):
 garbage-first heap   total 51200K, used 37835K [0x0000000091600000, 0x0000000100000000)
  region size 1024K, 19 young (19456K), 0 survivors (0K)
 Metaspace       used 59747K, committed 60224K, reserved 1114112K
  class space    used 8203K, committed 8448K, reserved 1048576K
}
Event: 197.350 GC heap after
{Heap after GC invocations=19 (full 1):
 garbage-first heap   total 51200K, used 21520K [0x0000000091600000, 0x0000000100000000)
  region size 1024K, 3 young (3072K), 3 survivors (3072K)
 Metaspace       used 59747K, committed 60224K, reserved 1114112K
  class space    used 8203K, committed 8448K, reserved 1048576K
}
Event: 207.868 GC heap before
{Heap before GC invocations=19 (full 1):
 garbage-first heap   total 51200K, used 36880K [0x0000000091600000, 0x0000000100000000)
  region size 1024K, 19 young (19456K), 3 survivors (3072K)
 Metaspace       used 59855K, committed 60416K, reserved 1114112K
  class space    used 8235K, committed 8448K, reserved 1048576K
}
Event: 207.875 GC heap after
{Heap after GC invocations=20 (full 1):
 garbage-first heap   total 51200K, used 22627K [0x0000000091600000, 0x0000000100000000)
  region size 1024K, 2 young (2048K), 2 survivors (2048K)
 Metaspace       used 59855K, committed 60416K, reserved 1114112K
  class space    used 8235K, committed 8448K, reserved 1048576K
}
Event: 211.399 GC heap before
{Heap before GC invocations=20 (full 1):
 garbage-first heap   total 51200K, used 37987K [0x0000000091600000, 0x0000000100000000)
  region size 1024K, 17 young (17408K), 2 survivors (2048K)
 Metaspace       used 59928K, committed 60544K, reserved 1114112K
  class space    used 8252K, committed 8512K, reserved 1048576K
}
Event: 211.406 GC heap after
{Heap after GC invocations=21 (full 1):
 garbage-first heap   total 51200K, used 24065K [0x0000000091600000, 0x0000000100000000)
  region size 1024K, 3 young (3072K), 3 survivors (3072K)
 Metaspace       used 59928K, committed 60544K, reserved 1114112K
  class space    used 8252K, committed 8512K, reserved 1048576K
}
Event: 212.412 GC heap before
{Heap before GC invocations=22 (full 1):
 garbage-first heap   total 51200K, used 38401K [0x0000000091600000, 0x0000000100000000)
  region size 1024K, 17 young (17408K), 3 survivors (3072K)
 Metaspace       used 60083K, committed 60672K, reserved 1114112K
  class space    used 8262K, committed 8512K, reserved 1048576K
}
Event: 212.422 GC heap after
{Heap after GC invocations=23 (full 1):
 garbage-first heap   total 51200K, used 25784K [0x0000000091600000, 0x0000000100000000)
  region size 1024K, 2 young (2048K), 2 survivors (2048K)
 Metaspace       used 60083K, committed 60672K, reserved 1114112K
  class space    used 8262K, committed 8512K, reserved 1048576K
}
Event: 212.455 GC heap before
{Heap before GC invocations=23 (full 1):
 garbage-first heap   total 51200K, used 26808K [0x0000000091600000, 0x0000000100000000)
  region size 1024K, 3 young (3072K), 2 survivors (2048K)
 Metaspace       used 60088K, committed 60672K, reserved 1114112K
  class space    used 8264K, committed 8512K, reserved 1048576K
}
Event: 212.462 GC heap after
{Heap after GC invocations=24 (full 1):
 garbage-first heap   total 51200K, used 26124K [0x0000000091600000, 0x0000000100000000)
  region size 1024K, 1 young (1024K), 1 survivors (1024K)
 Metaspace       used 60088K, committed 60672K, reserved 1114112K
  class space    used 8264K, committed 8512K, reserved 1048576K
}
Event: 213.729 GC heap before
{Heap before GC invocations=24 (full 1):
 garbage-first heap   total 51200K, used 38412K [0x0000000091600000, 0x0000000100000000)
  region size 1024K, 14 young (14336K), 1 survivors (1024K)
 Metaspace       used 60123K, committed 60736K, reserved 1114112K
  class space    used 8272K, committed 8512K, reserved 1048576K
}
Event: 213.736 GC heap after
{Heap after GC invocations=25 (full 1):
 garbage-first heap   total 51200K, used 28069K [0x0000000091600000, 0x0000000100000000)
  region size 1024K, 2 young (2048K), 2 survivors (2048K)
 Metaspace       used 60123K, committed 60736K, reserved 1114112K
  class space    used 8272K, committed 8512K, reserved 1048576K
}
Event: 562.325 GC heap before
{Heap before GC invocations=26 (full 1):
 garbage-first heap   total 51200K, used 39333K [0x0000000091600000, 0x0000000100000000)
  region size 1024K, 13 young (13312K), 2 survivors (2048K)
 Metaspace       used 60226K, committed 60864K, reserved 1114112K
  class space    used 8293K, committed 8576K, reserved 1048576K
}
Event: 562.333 GC heap after
{Heap after GC invocations=27 (full 1):
 garbage-first heap   total 51200K, used 28667K [0x0000000091600000, 0x0000000100000000)
  region size 1024K, 1 young (1024K), 1 survivors (1024K)
 Metaspace       used 60226K, committed 60864K, reserved 1114112K
  class space    used 8293K, committed 8576K, reserved 1048576K
}
Event: 562.372 GC heap before
{Heap before GC invocations=27 (full 1):
 garbage-first heap   total 51200K, used 28667K [0x0000000091600000, 0x0000000100000000)
  region size 1024K, 2 young (2048K), 1 survivors (1024K)
 Metaspace       used 60226K, committed 60864K, reserved 1114112K
  class space    used 8293K, committed 8576K, reserved 1048576K
}
Event: 562.480 GC heap after
{Heap after GC invocations=28 (full 2):
 garbage-first heap   total 51200K, used 20272K [0x0000000091600000, 0x0000000100000000)
  region size 1024K, 0 young (0K), 0 survivors (0K)
 Metaspace       used 59998K, committed 60864K, reserved 1114112K
  class space    used 8237K, committed 8576K, reserved 1048576K
}
Event: 564.805 GC heap before
{Heap before GC invocations=28 (full 2):
 garbage-first heap   total 51200K, used 35632K [0x0000000091600000, 0x0000000100000000)
  region size 1024K, 16 young (16384K), 0 survivors (0K)
 Metaspace       used 60024K, committed 60864K, reserved 1114112K
  class space    used 8243K, committed 8576K, reserved 1048576K
}

Dll operation events (11 events):
Event: 0.132 Loaded shared library C:\openjdk-19.0.2_windows-x64_bin\jdk-19.0.2\bin\java.dll
Event: 0.306 Loaded shared library C:\openjdk-19.0.2_windows-x64_bin\jdk-19.0.2\bin\jsvml.dll
Event: 1.695 Loaded shared library C:\openjdk-19.0.2_windows-x64_bin\jdk-19.0.2\bin\net.dll
Event: 1.734 Loaded shared library C:\openjdk-19.0.2_windows-x64_bin\jdk-19.0.2\bin\nio.dll
Event: 1.763 Loaded shared library C:\openjdk-19.0.2_windows-x64_bin\jdk-19.0.2\bin\zip.dll
Event: 2.582 Loaded shared library C:\openjdk-19.0.2_windows-x64_bin\jdk-19.0.2\bin\jimage.dll
Event: 4.312 Loaded shared library C:\openjdk-19.0.2_windows-x64_bin\jdk-19.0.2\bin\management.dll
Event: 4.330 Loaded shared library C:\openjdk-19.0.2_windows-x64_bin\jdk-19.0.2\bin\management_ext.dll
Event: 7.333 Loaded shared library C:\openjdk-19.0.2_windows-x64_bin\jdk-19.0.2\bin\verify.dll
Event: 16.524 Loaded shared library C:\openjdk-19.0.2_windows-x64_bin\jdk-19.0.2\bin\sunmscapi.dll
Event: 21.409 Loaded shared library C:\openjdk-19.0.2_windows-x64_bin\jdk-19.0.2\bin\extnet.dll

Deoptimization events (10 events):
Event: 7.774 Thread 0x000002c5103595e0 DEOPT PACKING pc=0x000002c579d058b9 sp=0x000000c9406fd240
Event: 7.774 Thread 0x000002c5103595e0 DEOPT UNPACKING pc=0x000002c5798b7543 sp=0x000000c9406fc720 mode 3
Event: 17.375 Thread 0x000002c5103595e0 DEOPT PACKING pc=0x000002c579fd659d sp=0x000000c9406fc520
Event: 17.375 Thread 0x000002c5103595e0 DEOPT UNPACKING pc=0x000002c5798b7543 sp=0x000000c9406fba88 mode 3
Event: 32.513 Thread 0x000002c5103595e0 DEOPT PACKING pc=0x000002c579d572a4 sp=0x000000c9406fcee0
Event: 32.514 Thread 0x000002c5103595e0 DEOPT UNPACKING pc=0x000002c5798b7543 sp=0x000000c9406fc438 mode 0
Event: 34.712 Thread 0x000002c5103595e0 DEOPT PACKING pc=0x000002c579d3f83a sp=0x000000c9406fdca0
Event: 34.712 Thread 0x000002c5103595e0 DEOPT UNPACKING pc=0x000002c5798b7543 sp=0x000000c9406fd1a8 mode 3
Event: 34.713 Thread 0x000002c5103595e0 DEOPT PACKING pc=0x000002c579d30e4c sp=0x000000c9406fdc60
Event: 34.713 Thread 0x000002c5103595e0 DEOPT UNPACKING pc=0x000002c5798b7543 sp=0x000000c9406fd1a8 mode 3

Classes loaded (20 events):
Event: 193.517 Loading class sun/security/ssl/Alert$AlertConsumer
Event: 193.518 Loading class sun/security/ssl/Alert$AlertConsumer done
Event: 193.518 Loading class sun/security/ssl/Alert$Level
Event: 193.518 Loading class sun/security/ssl/Alert$Level done
Event: 193.520 Loading class sun/net/ConnectionResetException
Event: 193.527 Loading class sun/net/ConnectionResetException done
Event: 193.735 Loading class java/lang/ref/Finalizer$2
Event: 193.736 Loading class java/lang/ref/Finalizer$2 done
Event: 193.736 Loading class java/lang/ref/Finalizer$1
Event: 193.737 Loading class java/lang/ref/Finalizer$1 done
Event: 197.599 Loading class jdk/internal/loader/BootLoader$PackageHelper
Event: 197.602 Loading class jdk/internal/loader/BootLoader$PackageHelper done
Event: 197.694 Loading class java/lang/invoke/WrongMethodTypeException
Event: 197.695 Loading class java/lang/invoke/WrongMethodTypeException done
Event: 212.428 Loading class java/time/DurationEditor
Event: 212.428 Loading class java/time/DurationEditor done
Event: 265.116 Loading class java/lang/Throwable$WrappedPrintWriter
Event: 265.118 Loading class java/lang/Throwable$PrintStreamOrWriter
Event: 265.119 Loading class java/lang/Throwable$PrintStreamOrWriter done
Event: 265.120 Loading class java/lang/Throwable$WrappedPrintWriter done

Classes unloaded (20 events):
Event: 562.412 Thread 0x000002c57f207320 Unloading class 0x0000000801763000 'java/lang/invoke/LambdaForm$MH+0x0000000801763000'
Event: 562.412 Thread 0x000002c57f207320 Unloading class 0x0000000801762800 'java/lang/invoke/LambdaForm$MH+0x0000000801762800'
Event: 562.412 Thread 0x000002c57f207320 Unloading class 0x0000000801762400 'java/lang/invoke/LambdaForm$MH+0x0000000801762400'
Event: 562.412 Thread 0x000002c57f207320 Unloading class 0x0000000801761000 'java/lang/invoke/LambdaForm$MH+0x0000000801761000'
Event: 562.412 Thread 0x000002c57f207320 Unloading class 0x0000000801760c00 'java/lang/invoke/LambdaForm$MH+0x0000000801760c00'
Event: 562.412 Thread 0x000002c57f207320 Unloading class 0x0000000801640800 'java/lang/invoke/LambdaForm$MH+0x0000000801640800'
Event: 562.412 Thread 0x000002c57f207320 Unloading class 0x00000008013b4400 'java/lang/invoke/LambdaForm$MH+0x00000008013b4400'
Event: 562.412 Thread 0x000002c57f207320 Unloading class 0x00000008013aa800 'java/lang/invoke/LambdaForm$MH+0x00000008013aa800'
Event: 562.412 Thread 0x000002c57f207320 Unloading class 0x00000008013aa000 'java/lang/invoke/LambdaForm$MH+0x00000008013aa000'
Event: 562.412 Thread 0x000002c57f207320 Unloading class 0x00000008013a9c00 'java/lang/invoke/LambdaForm$MH+0x00000008013a9c00'
Event: 562.412 Thread 0x000002c57f207320 Unloading class 0x00000008013a8400 'java/lang/invoke/LambdaForm$MH+0x00000008013a8400'
Event: 562.412 Thread 0x000002c57f207320 Unloading class 0x0000000801383800 'org/apache/catalina/loader/JdbcLeakPrevention'
Event: 562.412 Thread 0x000002c57f207320 Unloading class 0x0000000801314800 'java/lang/invoke/LambdaForm$MH+0x0000000801314800'
Event: 562.412 Thread 0x000002c57f207320 Unloading class 0x00000008012fac00 'java/lang/invoke/LambdaForm$MH+0x00000008012fac00'
Event: 562.412 Thread 0x000002c57f207320 Unloading class 0x00000008012f9800 'java/lang/invoke/LambdaForm$MH+0x00000008012f9800'
Event: 562.412 Thread 0x000002c57f207320 Unloading class 0x00000008012f8400 'java/lang/invoke/LambdaForm$MH+0x00000008012f8400'
Event: 562.413 Thread 0x000002c57f207320 Unloading class 0x00000008012dcc00 'java/lang/invoke/LambdaForm$MH+0x00000008012dcc00'
Event: 562.413 Thread 0x000002c57f207320 Unloading class 0x00000008012c8000 'java/lang/invoke/LambdaForm$MH+0x00000008012c8000'
Event: 562.413 Thread 0x000002c57f207320 Unloading class 0x0000000801100400 'java/lang/invoke/LambdaForm$MH+0x0000000801100400'
Event: 562.413 Thread 0x000002c57f207320 Unloading class 0x0000000801008400 'java/lang/invoke/LambdaForm$MH+0x0000000801008400'

Classes redefined (0 events):
No events

Internal exceptions (20 events):
Event: 562.323 Thread 0x000002c5120dbae0 Exception <a 'java/io/IOException'{0x0000000093dfec18}> (0x0000000093dfec18) 
thrown [s\open\src\hotspot\share\prims\jni.cpp, line 517]
Event: 562.334 Thread 0x000002c5120dbae0 Exception <a 'java/io/IOException'{0x00000000985012c8}> (0x00000000985012c8) 
thrown [s\open\src\hotspot\share\prims\jni.cpp, line 517]
Event: 562.336 Thread 0x000002c5120dbae0 Exception <a 'java/io/IOException'{0x0000000098501e20}> (0x0000000098501e20) 
thrown [s\open\src\hotspot\share\prims\jni.cpp, line 517]
Event: 562.339 Thread 0x000002c5120dbae0 Exception <a 'java/io/IOException'{0x0000000098503c70}> (0x0000000098503c70) 
thrown [s\open\src\hotspot\share\prims\jni.cpp, line 517]
Event: 562.340 Thread 0x000002c5120dbae0 Exception <a 'java/io/IOException'{0x00000000985047c8}> (0x00000000985047c8) 
thrown [s\open\src\hotspot\share\prims\jni.cpp, line 517]
Event: 562.342 Thread 0x000002c5120dbae0 Exception <a 'java/io/IOException'{0x0000000098506618}> (0x0000000098506618) 
thrown [s\open\src\hotspot\share\prims\jni.cpp, line 517]
Event: 562.343 Thread 0x000002c5120dbae0 Exception <a 'java/io/IOException'{0x0000000098507170}> (0x0000000098507170) 
thrown [s\open\src\hotspot\share\prims\jni.cpp, line 517]
Event: 562.346 Thread 0x000002c5120dbae0 Exception <a 'java/io/IOException'{0x0000000098509038}> (0x0000000098509038) 
thrown [s\open\src\hotspot\share\prims\jni.cpp, line 517]
Event: 562.346 Thread 0x000002c5120dbae0 Exception <a 'java/io/IOException'{0x0000000098509b90}> (0x0000000098509b90) 
thrown [s\open\src\hotspot\share\prims\jni.cpp, line 517]
Event: 562.351 Thread 0x000002c5120dbae0 Exception <a 'java/io/IOException'{0x000000009850b9e0}> (0x000000009850b9e0) 
thrown [s\open\src\hotspot\share\prims\jni.cpp, line 517]
Event: 562.353 Thread 0x000002c5120dbae0 Exception <a 'java/io/IOException'{0x000000009850c538}> (0x000000009850c538) 
thrown [s\open\src\hotspot\share\prims\jni.cpp, line 517]
Event: 562.355 Thread 0x000002c5120dbae0 Exception <a 'java/io/IOException'{0x000000009850e398}> (0x000000009850e398) 
thrown [s\open\src\hotspot\share\prims\jni.cpp, line 517]
Event: 562.355 Thread 0x000002c5120dbae0 Exception <a 'java/io/IOException'{0x000000009850eef0}> (0x000000009850eef0) 
thrown [s\open\src\hotspot\share\prims\jni.cpp, line 517]
Event: 562.357 Thread 0x000002c5120dbae0 Exception <a 'java/io/IOException'{0x0000000098510d40}> (0x0000000098510d40) 
thrown [s\open\src\hotspot\share\prims\jni.cpp, line 517]
Event: 562.357 Thread 0x000002c5120dbae0 Exception <a 'java/io/IOException'{0x0000000098511898}> (0x0000000098511898) 
thrown [s\open\src\hotspot\share\prims\jni.cpp, line 517]
Event: 562.359 Thread 0x000002c5120dbae0 Exception <a 'java/io/IOException'{0x00000000985136e8}> (0x00000000985136e8) 
thrown [s\open\src\hotspot\share\prims\jni.cpp, line 517]
Event: 562.359 Thread 0x000002c5120dbae0 Exception <a 'java/io/IOException'{0x0000000098514308}> (0x0000000098514308) 
thrown [s\open\src\hotspot\share\prims\jni.cpp, line 517]
Event: 562.361 Thread 0x000002c5120dbae0 Exception <a 'java/io/IOException'{0x0000000098516158}> (0x0000000098516158) 
thrown [s\open\src\hotspot\share\prims\jni.cpp, line 517]
Event: 562.361 Thread 0x000002c5120dbae0 Exception <a 'java/io/IOException'{0x0000000098516cb0}> (0x0000000098516cb0) 
thrown [s\open\src\hotspot\share\prims\jni.cpp, line 517]
Event: 562.682 Thread 0x000002c5120d8070 Exception <a 'sun/nio/fs/WindowsException'{0x00000000985c0bc8}> (0x00000000985c0bc8) 
thrown [s\open\src\hotspot\share\prims\jni.cpp, line 517]

VM Operations (20 events):
Event: 254.175 Executing VM operation: Cleanup done
Event: 262.220 Executing VM operation: Cleanup
Event: 262.220 Executing VM operation: Cleanup done
Event: 265.242 Executing VM operation: Cleanup
Event: 265.242 Executing VM operation: Cleanup done
Event: 276.312 Executing VM operation: Cleanup
Event: 276.312 Executing VM operation: Cleanup done
Event: 296.480 Executing VM operation: Cleanup
Event: 296.480 Executing VM operation: Cleanup done
Event: 356.843 Executing VM operation: Cleanup
Event: 356.843 Executing VM operation: Cleanup done
Event: 380.018 Executing VM operation: Cleanup
Event: 380.019 Executing VM operation: Cleanup done
Event: 562.324 Executing VM operation: G1CollectForAllocation
Event: 562.333 Executing VM operation: G1CollectForAllocation done
Event: 562.372 Executing VM operation: G1CollectFull
Event: 562.482 Executing VM operation: G1CollectFull done
Event: 563.497 Executing VM operation: Cleanup
Event: 563.893 Executing VM operation: Cleanup done
Event: 564.805 Executing VM operation: G1CollectForAllocation

Events (20 events):
Event: 562.242 Thread 0x000002c5120d85c0 Thread exited: 0x000002c5120d85c0
Event: 562.243 Thread 0x000002c5120d8b10 Thread exited: 0x000002c5120d8b10
Event: 562.243 Thread 0x000002c5120dd020 Thread exited: 0x000002c5120dd020
Event: 562.243 Thread 0x000002c5120dd570 Thread exited: 0x000002c5120dd570
Event: 562.243 Thread 0x000002c5120d7080 Thread exited: 0x000002c5120d7080
Event: 562.243 Thread 0x000002c5120de560 Thread exited: 0x000002c5120de560
Event: 562.243 Thread 0x000002c5120da5a0 Thread exited: 0x000002c5120da5a0
Event: 562.243 Thread 0x000002c5120da050 Thread exited: 0x000002c5120da050
Event: 562.243 Thread 0x000002c5120de010 Thread exited: 0x000002c5120de010
Event: 562.244 Thread 0x000002c5120d8070 Thread exited: 0x000002c5120d8070
Event: 562.293 Thread 0x000002c5120dbae0 Thread added: 0x000002c5120dbae0
Event: 562.294 Thread 0x000002c5120d9b00 Thread exited: 0x000002c5120d9b00
Event: 562.362 Thread 0x000002c5120dbae0 Thread exited: 0x000002c5120dbae0
Event: 562.484 Thread 0x000002c5120dc030 Thread added: 0x000002c5120dc030
Event: 562.521 Thread 0x000002c5120dc030 Thread exited: 0x000002c5120dc030
Event: 562.521 Thread 0x000002c5120d8070 Thread added: 0x000002c5120d8070
Event: 562.732 Thread 0x000002c5120d7b20 Thread exited: 0x000002c5120d7b20
Event: 563.377 Thread 0x000002c5120db040 Thread added: 0x000002c5120db040
Event: 563.916 Thread 0x000002c5120db040 Thread exited: 0x000002c5120db040
Event: 564.529 Thread 0x000002c5120dcad0 Thread exited: 0x000002c5120dcad0


Dynamic libraries:
0x00007ff6ca590000 - 0x00007ff6ca59e000 	C:\openjdk-19.0.2_windows-x64_bin\jdk-19.0.2\bin\java.exe
0x00007ffd23c10000 - 0x00007ffd23e08000 	C:\Windows\SYSTEM32\ntdll.dll
0x00007ffd21ea0000 - 0x00007ffd21f5f000 	C:\Windows\System32\KERNEL32.DLL
0x00007ffd216e0000 - 0x00007ffd219ba000 	C:\Windows\System32\KERNELBASE.dll
0x00007ffd21320000 - 0x00007ffd21420000 	C:\Windows\System32\ucrtbase.dll
0x00007ffd0b290000 - 0x00007ffd0b2a7000 	C:\openjdk-19.0.2_windows-x64_bin\jdk-19.0.2\bin\jli.dll
0x00007ffd229a0000 - 0x00007ffd22b3d000 	C:\Windows\System32\USER32.dll
0x00007ffd21420000 - 0x00007ffd21442000 	C:\Windows\System32\win32u.dll
0x00007ffd23ba0000 - 0x00007ffd23bcb000 	C:\Windows\System32\GDI32.dll
0x00007ffd21540000 - 0x00007ffd21650000 	C:\Windows\System32\gdi32full.dll
0x00007ffd219c0000 - 0x00007ffd21a5d000 	C:\Windows\System32\msvcp_win.dll
0x00007ffd022d0000 - 0x00007ffd022eb000 	C:\openjdk-19.0.2_windows-x64_bin\jdk-19.0.2\bin\VCRUNTIME140.dll
0x00007ffd0f6f0000 - 0x00007ffd0f98a000 	C:\Windows\WinSxS\amd64_microsoft.windows.common-controls_6595b64144ccf1df_6.0.19041.1110_none_60b5254171f9507e\COMCTL32.dll
0x00007ffd22900000 - 0x00007ffd2299e000 	C:\Windows\System32\msvcrt.dll
0x00007ffd23420000 - 0x00007ffd23450000 	C:\Windows\System32\IMM32.DLL
0x00007ffd1bdc0000 - 0x00007ffd1bdcc000 	C:\openjdk-19.0.2_windows-x64_bin\jdk-19.0.2\bin\vcruntime140_1.dll
0x00007ffceb6a0000 - 0x00007ffceb72e000 	C:\openjdk-19.0.2_windows-x64_bin\jdk-19.0.2\bin\msvcp140.dll
0x00007ffcd0bb0000 - 0x00007ffcd1870000 	C:\openjdk-19.0.2_windows-x64_bin\jdk-19.0.2\bin\server\jvm.dll
0x00007ffd22180000 - 0x00007ffd2222e000 	C:\Windows\System32\ADVAPI32.dll
0x00007ffd231a0000 - 0x00007ffd2323c000 	C:\Windows\System32\sechost.dll
0x00007ffd21c90000 - 0x00007ffd21db6000 	C:\Windows\System32\RPCRT4.dll
0x00007ffd03150000 - 0x00007ffd03159000 	C:\Windows\SYSTEM32\WSOCK32.dll
0x00007ffd15a70000 - 0x00007ffd15a97000 	C:\Windows\SYSTEM32\WINMM.dll
0x00007ffd22fb0000 - 0x00007ffd2301b000 	C:\Windows\System32\WS2_32.dll
0x00007ffd162e0000 - 0x00007ffd162ea000 	C:\Windows\SYSTEM32\VERSION.dll
0x00007ffd1f1a0000 - 0x00007ffd1f1b2000 	C:\Windows\SYSTEM32\kernel.appcore.dll
0x00007ffd16150000 - 0x00007ffd1615a000 	C:\openjdk-19.0.2_windows-x64_bin\jdk-19.0.2\bin\jimage.dll
0x00007ffd13ac0000 - 0x00007ffd13ca4000 	C:\Windows\SYSTEM32\DBGHELP.DLL
0x00007ffcf4be0000 - 0x00007ffcf4c14000 	C:\Windows\SYSTEM32\dbgcore.DLL
0x00007ffd21650000 - 0x00007ffd216d2000 	C:\Windows\System32\bcryptPrimitives.dll
0x00007ffcf8070000 - 0x00007ffcf8096000 	C:\openjdk-19.0.2_windows-x64_bin\jdk-19.0.2\bin\java.dll
0x00007ffce73d0000 - 0x00007ffce74a7000 	C:\openjdk-19.0.2_windows-x64_bin\jdk-19.0.2\bin\jsvml.dll
0x00007ffd23450000 - 0x00007ffd23b94000 	C:\Windows\System32\SHELL32.dll
0x00007ffd1f3a0000 - 0x00007ffd1fb33000 	C:\Windows\SYSTEM32\windows.storage.dll
0x00007ffd223f0000 - 0x00007ffd22744000 	C:\Windows\System32\combase.dll
0x00007ffd20bc0000 - 0x00007ffd20bee000 	C:\Windows\SYSTEM32\Wldp.dll
0x00007ffd23020000 - 0x00007ffd230cd000 	C:\Windows\System32\SHCORE.dll
0x00007ffd23240000 - 0x00007ffd23295000 	C:\Windows\System32\shlwapi.dll
0x00007ffd21260000 - 0x00007ffd2127f000 	C:\Windows\SYSTEM32\profapi.dll
0x00007ffcfb600000 - 0x00007ffcfb613000 	C:\openjdk-19.0.2_windows-x64_bin\jdk-19.0.2\bin\net.dll
0x00007ffd18140000 - 0x00007ffd1824a000 	C:\Windows\SYSTEM32\WINHTTP.dll
0x00007ffd209a0000 - 0x00007ffd20a0a000 	C:\Windows\system32\mswsock.dll
0x00007ffcf8050000 - 0x00007ffcf8066000 	C:\openjdk-19.0.2_windows-x64_bin\jdk-19.0.2\bin\nio.dll
0x00007ffcf5b90000 - 0x00007ffcf5ba8000 	C:\openjdk-19.0.2_windows-x64_bin\jdk-19.0.2\bin\zip.dll
0x00007ffd1bd40000 - 0x00007ffd1bd4a000 	C:\openjdk-19.0.2_windows-x64_bin\jdk-19.0.2\bin\management.dll
0x00007ffd19580000 - 0x00007ffd1958b000 	C:\openjdk-19.0.2_windows-x64_bin\jdk-19.0.2\bin\management_ext.dll
0x00007ffd22050000 - 0x00007ffd22058000 	C:\Windows\System32\PSAPI.DLL
0x00007ffd15a00000 - 0x00007ffd15a10000 	C:\openjdk-19.0.2_windows-x64_bin\jdk-19.0.2\bin\verify.dll
0x00007ffd20c00000 - 0x00007ffd20c18000 	C:\Windows\SYSTEM32\CRYPTSP.dll
0x00007ffd202e0000 - 0x00007ffd20314000 	C:\Windows\system32\rsaenh.dll
0x00007ffd21510000 - 0x00007ffd21537000 	C:\Windows\System32\bcrypt.dll
0x00007ffd21220000 - 0x00007ffd2124e000 	C:\Windows\SYSTEM32\USERENV.dll
0x00007ffd20b30000 - 0x00007ffd20b3c000 	C:\Windows\SYSTEM32\CRYPTBASE.dll
0x00007ffd206b0000 - 0x00007ffd206ec000 	C:\Windows\SYSTEM32\IPHLPAPI.DLL
0x00007ffd23350000 - 0x00007ffd23358000 	C:\Windows\System32\NSI.dll
0x00007ffd19860000 - 0x00007ffd19877000 	C:\Windows\SYSTEM32\dhcpcsvc6.DLL
0x00007ffd197f0000 - 0x00007ffd1980d000 	C:\Windows\SYSTEM32\dhcpcsvc.DLL
0x00007ffd206f0000 - 0x00007ffd207bb000 	C:\Windows\SYSTEM32\DNSAPI.dll
0x00007ffd1cfa0000 - 0x00007ffd1cfae000 	C:\openjdk-19.0.2_windows-x64_bin\jdk-19.0.2\bin\sunmscapi.dll
0x00007ffd21b10000 - 0x00007ffd21c66000 	C:\Windows\System32\CRYPT32.dll
0x00007ffd20d10000 - 0x00007ffd20d38000 	C:\Windows\SYSTEM32\ncrypt.dll
0x00007ffd20cd0000 - 0x00007ffd20d0b000 	C:\Windows\SYSTEM32\NTASN1.dll
0x00007ffd197c0000 - 0x00007ffd197ca000 	C:\Windows\System32\rasadhlp.dll
0x00007ffd15800000 - 0x00007ffd15880000 	C:\Windows\System32\fwpuclnt.dll
0x00007ffd19570000 - 0x00007ffd19578000 	C:\openjdk-19.0.2_windows-x64_bin\jdk-19.0.2\bin\extnet.dll
0x00007ffd15970000 - 0x00007ffd15977000 	C:\Windows\system32\wshunix.dll

dbghelp: loaded successfully - version: 4.0.5 - missing functions: none
symbol engine: initialized successfully - sym options: 0x614 - pdb path: .;C:\openjdk-19.0.2_windows-x64_bin\jdk-19.0.2\bin;C:\Windows\SYSTEM32;C:\Windows\WinSxS\amd64_microsoft.windows.common-controls_6595b64144ccf1df_6.0.19041.1110_none_60b5254171f9507e;C:\openjdk-19.0.2_windows-x64_bin\jdk-19.0.2\bin\server

VM Arguments:
jvm_args: -XX:TieredStopAtLevel=1 
java_command: com.renaldinurmazid.userrestapi.UserRestApiApplication
java_class_path (initial): D:\spring-project\1.2\user-rest-api\target\classes;C:\Users\Chameleon\.m2\repository\com\zaxxer\HikariCP\5.0.1\HikariCP-5.0.1.jar;C:\Users\Chameleon\.m2\repository\org\springframework\spring-jdbc\6.0.8\spring-jdbc-6.0.8.jar;C:\Users\Chameleon\.m2\repository\org\springframework\data\spring-data-jdbc\3.0.5\spring-data-jdbc-3.0.5.jar;C:\Users\Chameleon\.m2\repository\org\springframework\data\spring-data-relational\3.0.5\spring-data-relational-3.0.5.jar;C:\Users\Chameleon\.m2\repository\org\springframework\data\spring-data-commons\3.0.5\spring-data-commons-3.0.5.jar;C:\Users\Chameleon\.m2\repository\org\springframework\spring-tx\6.0.8\spring-tx-6.0.8.jar;C:\Users\Chameleon\.m2\repository\org\springframework\spring-context\6.0.8\spring-context-6.0.8.jar;C:\Users\Chameleon\.m2\repository\org\springframework\spring-beans\6.0.8\spring-beans-6.0.8.jar;C:\Users\Chameleon\.m2\repository\org\slf4j\slf4j-api\2.0.7\slf4j-api-2.0.7.jar;C:\Users\Chameleon\.m2\repository\org\springframework\spring-aop\6.0.8\spring-aop-6.0.8.jar;C:\Users\Chameleon\.m2\repository\org\aspectj\aspectjweaver\1.9.19\aspectjweaver-1.9.19.jar;C:\Users\Chameleon\.m2\repository\org\hibernate\orm\hibernate-core\6.1.7.Final\hibernate-core-6.1.7.Final.jar;C:\Users\Chameleon\.m2\repository\jakarta\persistence\jakarta.persistence-api\3.1.0\jakarta.persistence-api-3.1.0.jar;C:\Users\Chameleon\.m2\repository\jakarta\transaction\jakarta.transaction-api\2.0.1\jakarta.transaction-api-2.0.1.jar;C:\Users\Chameleon\.m2\repository\org\jboss\logging\jboss-logging\3.5.0.Final\jboss-logging-3.5.0.Final.jar;C:\Users\Chameleon\.m2\repository\org\hibernate\common\hibernate-commons-annotations\6.0.6.Final\hibernate-commons-annotations-6.0.6.Final.jar;C:\Users\Chameleon\.m2\repository\org\jboss\jandex\2.4.2.Final\jandex-2.4.2.Final.jar;C:\Users\Chameleon\.m2\repository\com\fasterxml\classmate\1.5.1\classmate-1.5.1.jar;C:\Users\Chameleon\.m2\repository\net\bytebuddy\byte-buddy\1.12.23\byte-buddy-1.12.23.jar;C:\Users\Chameleon\.m2\repository\org\glassfish\jaxb\jaxb-runtime\4.0.2\jaxb-runtime-4.0.2.jar;C:\Users\Chameleon\.m2\repository\org\glassfish\jaxb\jaxb-core\4.0.2\jaxb-core-4.0.2.jar;C:\Users\Chameleon\.m2\repository\org\eclipse\angus\angus-activation\2.0.0\angus-activation-2.0.0.jar;C:\Users\Chameleon\.m2\repository\org\glassfish\jaxb\txw2\4.0.2\txw2-4.0.2.jar;C:\Users\Chameleon\.m2\repository\com\sun\istack\istack-commons-runtime\4.1.1\istack-commons-runtime-4.1.1.jar;C:\Users\Chameleon\.m2\repository\jakarta\inject\jakarta.inject-api\2.0.0\jakarta.inject-api-2.0.0.jar;C:\Users\Chameleon\.m2\repository\org\antlr\antlr4-runtime\4.10.1\antlr4-runtime-4.10.1.jar;C:\Users\Chameleon\.m2\repository\org\springframework\data\spring-data-jpa\3.0.5\spring-data-jpa-3.0.5.jar;C:\Users\Chameleon\.m2\repository\org\springframework\spring-orm\6.0.8\spring-orm-6.0.8.jar;C:\Users\Chameleon\.m2\repository\jakarta\annotation\jakarta.annotation-api\2.1.1\jakarta.annotation-api-2.1.1.jar;C:\Users\Chameleon\.m2\repository\org\springframework\spring-aspects\6.0.8\spring-aspects-6.0.8.jar;C:\Users\Chameleon\.m2\repository\ch\qos\logback\logback-classic\1.4.7\logback-classic-1.4.7.jar;C:\Users\Chameleon\.m2\repository\ch\qos\logback\logback-core\1.4.7\logback-core-1.4.7.jar;C:\Users\Chameleon\.m2\repository\org\apache\logging\log4j\log4j-to-slf4j\2.19.0\log4j-to-slf4j-2.19.0.jar;C:\Users\Chameleon\.m2\repository\org\apache\logging\log4j\log4j-api\2.19.0\log4j-api-2.19.0.jar;C:\Users\Chameleon\.m2\repository\org\slf4j\jul-to-slf4j\2.0.7\jul-to-slf4j-2.0.7.jar;C:\Users\Chameleon\.m2\repository\org\yaml\snakeyaml\1.33\snakeyaml-1.33.jar;C:\Users\Chameleon\.m2\repository\com\fasterxml\jackson\core\jackson-databind\2.14.2\jackson-databind-2.14.2.jar;C:\Users\Chameleon\.m2\repository\com\fasterxml\jackson\core\jackson-annotations\2.14.2\jackson-annotations-2.14.2.jar;C:\Users\Chameleon\.m2\repository\com\fasterxml\jackson\core\jackson-core\2.14.2\jackson-core-2.14.2.jar;C:\Users\Chameleon\.m2\repository\com\fasterxml\jackson\datatype\jackson-datatype-jdk8\2.14.2\jackson-datatype-jdk8-2.14.2.jar;C:\Users\Chameleon\.m2\repository\com\fasterxml\jackson\datatype\jackson-datatype-jsr310\2.14.2\jackson-datatype-jsr310-2.14.2.jar;C:\Users\Chameleon\.m2\repository\com\fasterxml\jackson\module\jackson-module-parameter-names\2.14.2\jackson-module-parameter-names-2.14.2.jar;C:\Users\Chameleon\.m2\repository\org\apache\tomcat\embed\tomcat-embed-core\10.1.8\tomcat-embed-core-10.1.8.jar;C:\Users\Chameleon\.m2\repository\org\apache\tomcat\embed\tomcat-embed-el\10.1.8\tomcat-embed-el-10.1.8.jar;C:\Users\Chameleon\.m2\repository\org\apache\tomcat\embed\tomcat-embed-websocket\10.1.8\tomcat-embed-websocket-10.1.8.jar;C:\Users\Chameleon\.m2\repository\org\springframework\spring-web\6.0.8\spring-web-6.0.8.jar;C:\Users\Chameleon\.m2\repository\io\micrometer\micrometer-observation\1.10.6\micrometer-observation-1.10.6.jar;C:\Users\Chameleon\.m2\repository\io\micrometer\micrometer-commons\1.10.6\micrometer-commons-1.10.6.jar;C:\Users\Chameleon\.m2\repository\org\springframework\spring-webmvc\6.0.8\spring-webmvc-6.0.8.jar;C:\Users\Chameleon\.m2\repository\org\springframework\spring-expression\6.0.8\spring-expression-6.0.8.jar;C:\Users\Chameleon\.m2\repository\org\springframework\boot\spring-boot-devtools\3.0.6\spring-boot-devtools-3.0.6.jar;C:\Users\Chameleon\.m2\repository\org\springframework\boot\spring-boot\3.0.6\spring-boot-3.0.6.jar;C:\Users\Chameleon\.m2\repository\org\springframework\boot\spring-boot-autoconfigure\3.0.6\spring-boot-autoconfigure-3.0.6.jar;C:\Users\Chameleon\.m2\repository\com\mysql\mysql-connector-j\8.0.33\mysql-connector-j-8.0.33.jar;C:\Users\Chameleon\.m2\repository\jakarta\xml\bind\jakarta.xml.bind-api\4.0.0\jakarta.xml.bind-api-4.0.0.jar;C:\Users\Chameleon\.m2\repository\jakarta\activation\jakarta.activation-api\2.1.1\jakarta.activation-api-2.1.1.jar;C:\Users\Chameleon\.m2\repository\org\springframework\spring-core\6.0.8\spring-core-6.0.8.jar;C:\Users\Chameleon\.m2\repository\org\springframework\spring-jcl\6.0.8\spring-jcl-6.0.8.jar
Launcher Type: SUN_STANDARD

[Global flags]
     intx CICompilerCount                          = 3                                         {product} {ergonomic}
     uint ConcGCThreads                            = 1                                         {product} {ergonomic}
     uint G1ConcRefinementThreads                  = 4                                         {product} {ergonomic}
   size_t G1HeapRegionSize                         = 1048576                                   {product} {ergonomic}
    uintx GCDrainStackTargetSize                   = 64                                        {product} {ergonomic}
   size_t InitialHeapSize                          = 117440512                                 {product} {ergonomic}
   size_t MarkStackSize                            = 4194304                                   {product} {ergonomic}
   size_t MaxHeapSize                              = 1855979520                                {product} {ergonomic}
   size_t MaxNewSize                               = 1113587712                                {product} {ergonomic}
   size_t MinHeapDeltaBytes                        = 1048576                                   {product} {ergonomic}
   size_t MinHeapSize                              = 8388608                                   {product} {ergonomic}
    uintx NonProfiledCodeHeapSize                  = 0                                      {pd product} {ergonomic}
     bool ProfileInterpreter                       = false                                  {pd product} {command line}
    uintx ProfiledCodeHeapSize                     = 0                                      {pd product} {ergonomic}
   size_t SoftMaxHeapSize                          = 1855979520                             {manageable} {ergonomic}
     intx TieredStopAtLevel                        = 1                                         {product} {command line}
     bool UseCompressedClassPointers               = true                           {product lp64_product} {ergonomic}
     bool UseCompressedOops                        = true                           {product lp64_product} {ergonomic}
     bool UseG1GC                                  = true                                      {product} {ergonomic}
     bool UseLargePagesIndividualAllocation        = false                                  {pd product} {ergonomic}

Logging:
Log output configuration:
 #0: stdout all=warning uptime,level,tags foldmultilines=false
 #1: stderr all=off uptime,level,tags foldmultilines=false

Environment Variables:
JAVA_HOME=C:\openjdk-19.0.2_windows-x64_bin\jdk-19.0.2
PATH=C:\Program Files (x86)\Common Files\Oracle\Java\javapath;C:\Python310\Scripts\;C:\Python310\;C:\Python39\Scripts\;C:\Python39\;C:\Windows\system32;C:\Windows;C:\Windows\System32\Wbem;C:\Windows\System32\WindowsPowerShell\v1.0\;C:\Windows\System32\OpenSSH\;C:\Windows\Microsoft.NET\Framework\v4.0.30319;C:\Program Files\SQL Anywhere 17\bin64;C:\Program Files\SQL Anywhere 17\bin32;C:\Program Files\Git\cmd;C:\ProgramData\chocolatey\bin;C:\Program Files\mingw-w64\x86_64-8.1.0-posix-seh-rt_v6-rev0\mingw64\bin;C:\Program Files\nodejs\;C:\Program Files\dotnet\;C:\Program Files\Microsoft SQL Server\Client SDK\ODBC\170\Tools\Binn\;C:\Program Files (x86)\Microsoft SQL Server\150\Tools\Binn\;C:\Program Files\Microsoft SQL Server\150\Tools\Binn\;C:\Program Files\Microsoft SQL Server\150\DTS\Binn\;C:\Program Files (x86)\Microsoft SQL Server\150\DTS\Binn\;C:\Program Files\Azure Data Studio\bin;C:\ProgramData\ComposerSetup\bin;C:\Program Files\PuTTY\;C:\Program Files\Docker\Docker\resources\bin;C:\src\flutter\bin;C:\apache-maven-3.9.0-bin\bin;C:\openjdk-19.0.2_windows-x64_bin\jdk-19.0.2\bin;C:\dart-sdk\bin;C:\Users\Chameleon\AppData\Local\Android\Sdk;C:\Users\Chameleon\AppData\Local\Android\Sdk\platform-tools;C:\laragon\bin\php\php-8.1.18;C:\Program Files\CMake\bin;D:\src\gradle-7.4.2\bin;D:\src\kotlinc\bin;C:\laragon\bin;C:\laragon\bin\apache\httpd-2.4.54-win64-VS16\bin;C:\laragon\bin\composer;C:\laragon\bin\git\bin;C:\laragon\bin\git\cmd;C:\laragon\bin\git\mingw64\bin;C:\laragon\bin\git\usr\bin;C:\laragon\bin\laragon\utils;C:\laragon\bin\mysql\mysql-8.0.30-winx64\bin;C:\laragon\bin\nginx\nginx-1.22.0;C:\laragon\bin\ngrok;C:\laragon\bin\nodejs\node-v18;C:\laragon\bin\notepad++;C:\laragon\bin\php\php-8.1.18;C:\laragon\bin\python\python-3.10;C:\laragon\bin\python\python-3.10\Scripts;C:\laragon\bin\redis\redis-x64-5.0.14.1;C:\laragon\bin\telnet;C:\laragon\usr\bin;C:\Users\Chameleon\AppData\Local\Yarn\config\global\node_modules\.bin;C:\Users\Chameleon\AppData\Roaming\Composer\vendor\bin;C:\Users\Chameleon\AppData\Roaming\npm;C:\Users\Chameleon\AppData\Local\Microsoft\WindowsApps;C:\Users\Chameleon\AppData\Local\Programs\Microsoft VS Code\bin;C:\Program Files\Azure Data Studio\bin;C:\Program Files\JetBrains\IntelliJ IDEA Community Edition 2022.3.3\bin;C:\src\flutter\bin;C:\dart-sdk\bin;
USERNAME=Chameleon
LANG=en_US.UTF-8
OS=Windows_NT
PROCESSOR_IDENTIFIER=AMD64 Family 22 Model 48 Stepping 1, AuthenticAMD
TMP=C:\Users\CHAMEL~1\AppData\Local\Temp
TEMP=C:\Users\CHAMEL~1\AppData\Local\Temp



---------------  S Y S T E M  ---------------

OS:
 Windows 10 , 64 bit Build 19041 (10.0.19041.2788)
OS uptime: 10 days 17:44 hours
Hyper-V role detected

CPU: total 4 (initial active 4) (4 cores per cpu, 1 threads per core) family 22 model 48 stepping 1 microcode 0x0, cx8, cmov, fxsr, mmx, 3dnowpref, sse, sse2, sse3, ssse3, sse4a, sse4.1, sse4.2, popcnt, lzcnt, tsc, tscinvbit, avx, aes, clmul, bmi1, vzeroupper, clflush, hv, rdtscp

Memory: 4k page, system-wide physical 7074M (531M free)
TotalPageFile size 11170M (AvailPageFile size 8M)
current process WorkingSet (physical memory assigned to process): 187M, peak: 187M
current process commit charge ("private bytes"): 282M, peak: 303M

vm_info: OpenJDK 64-Bit Server VM (19.0.2+7-44) for windows-amd64 JRE (19.0.2+7-44), built on 2022-11-30T18:02:09Z by "mach5one" with MS VC++ 17.1 (VS2022)

END.
